[debug] [2023-02-09T12:21:34.052Z] ----------------------------------------------------------------------
[debug] [2023-02-09T12:21:34.059Z] Command:       C:\Program Files\nodejs\node.exe C:\Users\wajid\AppData\Roaming\npm\node_modules\firebase-tools\lib\bin\firebase.js init
[debug] [2023-02-09T12:21:34.060Z] CLI Version:   11.21.0
[debug] [2023-02-09T12:21:34.061Z] Platform:      win32
[debug] [2023-02-09T12:21:34.061Z] Node Version:  v18.13.0
[debug] [2023-02-09T12:21:34.062Z] Time:          Thu Feb 09 2023 17:51:34 GMT+0530 (India Standard Time)
[debug] [2023-02-09T12:21:34.063Z] ----------------------------------------------------------------------
[debug] 
[debug] [2023-02-09T12:21:34.101Z] > command requires scopes: ["email","openid","https://www.googleapis.com/auth/cloudplatformprojects.readonly","https://www.googleapis.com/auth/firebase","https://www.googleapis.com/auth/cloud-platform"]
[debug] [2023-02-09T12:21:34.103Z] > authorizing via signed-in user (wajidkhan1022@gmail.com)
[info] 
     ######## #### ########  ######## ########     ###     ######  ########
     ##        ##  ##     ## ##       ##     ##  ##   ##  ##       ##
     ######    ##  ########  ######   ########  #########  ######  ######
     ##        ##  ##    ##  ##       ##     ## ##     ##       ## ##
     ##       #### ##     ## ######## ########  ##     ##  ######  ########

You're about to initialize a Firebase project in this directory:

  C:\Users\wajid\OneDrive\Desktop\netflixclone

[info] 
=== Project Setup
[info] 
[info] First, let's associate this project directory with a Firebase project.
[info] You can create multiple project aliases by running firebase use --add, 
[info] but for now we'll just set up a default project.
[info] 
[debug] [2023-02-09T12:22:12.313Z] >>> [apiv2][query] GET https://firebase.googleapis.com/v1beta1/projects pageSize=100
[debug] [2023-02-09T12:22:13.618Z] <<< [apiv2][status] GET https://firebase.googleapis.com/v1beta1/projects 200
[debug] [2023-02-09T12:22:13.618Z] <<< [apiv2][body] GET https://firebase.googleapis.com/v1beta1/projects [omitted]
[info] i  Using project netflix-clone-aa360 (Netflix-Clone) 
[info] 
=== Hosting Setup
[info] 
[info] Your public directory is the folder (relative to your project directory) that
[info] will contain Hosting assets to be uploaded with firebase deploy. If you
[info] have a build process for your assets, use your build's output directory.
[info] 
[debug] [2023-02-09T12:23:35.005Z] >>> [apiv2][query] GET https://www.gstatic.com/firebasejs/releases.json [none]
[debug] [2023-02-09T12:23:35.544Z] <<< [apiv2][status] GET https://www.gstatic.com/firebasejs/releases.json 200
[debug] [2023-02-09T12:23:35.544Z] <<< [apiv2][body] GET https://www.gstatic.com/firebasejs/releases.json {"current":{"version":"9.17.1","browserURL":"https://www.gstatic.com/firebasejs/9.17.1/firebase.js","packageURL":"https://www.gstatic.com/firebasejs/9.17.1/firebase.tgz"},"live":{"version":"9.17","browserURL":"https://www.gstatic.com/firebasejs/live/9.17/firebase.js","packageURL":"https://www.gstatic.com/firebasejs/live/9.17/firebase.tgz"},"components":{"analytics":"https://www.gstatic.com/firebasejs/9.17.1/firebase-analytics.js","app":"https://www.gstatic.com/firebasejs/9.17.1/firebase-app.js","app-check":"https://www.gstatic.com/firebasejs/9.17.1/firebase-app-check.js","auth":"https://www.gstatic.com/firebasejs/9.17.1/firebase-auth.js","auth/cordova":"https://www.gstatic.com/firebasejs/9.17.1/firebase-auth/cordova.js","auth/react-native":"https://www.gstatic.com/firebasejs/9.17.1/firebase-auth/react-native.js","functions":"https://www.gstatic.com/firebasejs/9.17.1/firebase-functions.js","firestore":"https://www.gstatic.com/firebasejs/9.17.1/firebase-firestore.js","firestore/lite":"https://www.gstatic.com/firebasejs/9.17.1/firebase-firestore/lite.js","installations":"https://www.gstatic.com/firebasejs/9.17.1/firebase-installations.js","storage":"https://www.gstatic.com/firebasejs/9.17.1/firebase-storage.js","performance":"https://www.gstatic.com/firebasejs/9.17.1/firebase-performance.js","remote-config":"https://www.gstatic.com/firebasejs/9.17.1/firebase-remote-config.js","messaging":"https://www.gstatic.com/firebasejs/9.17.1/firebase-messaging.js","messaging/sw":"https://www.gstatic.com/firebasejs/9.17.1/firebase-messaging/sw.js","database":"https://www.gstatic.com/firebasejs/9.17.1/firebase-database.js","firestore.memory":"https://www.gstatic.com/firebasejs/9.17.1/firebase-firestore.memory.js"}}
[info] i  Skipping write of build/index.html 
[info] 
[info] i  Detected a .git folder at C:\Users\wajid\OneDrive\Desktop\netflixclone 
[info] i  Authorizing with GitHub to upload your service account to a GitHub repository's secrets store. 
[info] 
[info] Visit this URL on this device to log in:
[info] https://github.com/login/oauth/authorize?client_id=89cf50f02ac6aaed3484&state=89114745&redirect_uri=http%3A%2F%2Flocalhost%3A9005&scope=read%3Auser%20repo%20public_repo
[info] 
[info] Waiting for authentication...
[debug] [2023-02-09T12:23:44.045Z] >>> [apiv2][query] POST https://github.com/login/oauth/access_token [none]
[debug] [2023-02-09T12:23:44.045Z] >>> [apiv2][body] POST https://github.com/login/oauth/access_token [stream]
[debug] [2023-02-09T12:23:44.654Z] <<< [apiv2][status] POST https://github.com/login/oauth/access_token 200
[debug] [2023-02-09T12:23:44.654Z] <<< [apiv2][body] POST https://github.com/login/oauth/access_token {"access_token":"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","token_type":"bearer","scope":"read:user,repo"}
[debug] [2023-02-09T12:23:44.680Z] >>> [apiv2][query] GET https://api.github.com/user [none]
[debug] [2023-02-09T12:23:45.360Z] <<< [apiv2][status] GET https://api.github.com/user 200
[debug] [2023-02-09T12:23:45.361Z] <<< [apiv2][body] GET https://api.github.com/user {"login":"Wajid1022","id":116683563,"node_id":"U_kgDOBvRzKw","avatar_url":"https://avatars.githubusercontent.com/u/116683563?v=4","gravatar_id":"","url":"https://api.github.com/users/Wajid1022","html_url":"https://github.com/Wajid1022","followers_url":"https://api.github.com/users/Wajid1022/followers","following_url":"https://api.github.com/users/Wajid1022/following{/other_user}","gists_url":"https://api.github.com/users/Wajid1022/gists{/gist_id}","starred_url":"https://api.github.com/users/Wajid1022/starred{/owner}{/repo}","subscriptions_url":"https://api.github.com/users/Wajid1022/subscriptions","organizations_url":"https://api.github.com/users/Wajid1022/orgs","repos_url":"https://api.github.com/users/Wajid1022/repos","events_url":"https://api.github.com/users/Wajid1022/events{/privacy}","received_events_url":"https://api.github.com/users/Wajid1022/received_events","type":"User","site_admin":false,"name":null,"company":null,"blog":"","location":null,"email":null,"hireable":null,"bio":null,"twitter_username":null,"public_repos":2,"public_gists":0,"followers":0,"following":0,"created_at":"2022-10-25T20:39:16Z","updated_at":"2022-12-31T08:01:43Z","private_gists":0,"total_private_repos":0,"owned_private_repos":0,"disk_usage":431,"collaborators":0,"two_factor_authentication":false,"plan":{"name":"free","space":976562499,"collaborators":0,"private_repos":10000}}
[info] 
[info] +  Success! Logged into GitHub as Wajid1022 
[info] 
[debug] [2023-02-09T12:23:55.205Z] >>> [apiv2][query] GET https://api.github.com/repos/netflix-clone-aa360 (Netflix-Clone)/actions/secrets/public-key type=owner
[debug] [2023-02-09T12:23:55.704Z] <<< [apiv2][status] GET https://api.github.com/repos/netflix-clone-aa360 (Netflix-Clone)/actions/secrets/public-key 404
[debug] [2023-02-09T12:23:55.705Z] <<< [apiv2][body] GET https://api.github.com/repos/netflix-clone-aa360 (Netflix-Clone)/actions/secrets/public-key {"message":"Not Found","documentation_url":"https://docs.github.com/rest"}
[debug] [2023-02-09T12:24:04.207Z] >>> [apiv2][query] GET https://api.github.com/repos/netflix-clone-aa360 (Netflix-Clone)user/actions/secrets/public-key type=owner
[debug] [2023-02-09T12:24:04.715Z] <<< [apiv2][status] GET https://api.github.com/repos/netflix-clone-aa360 (Netflix-Clone)user/actions/secrets/public-key 404
[debug] [2023-02-09T12:24:04.715Z] <<< [apiv2][body] GET https://api.github.com/repos/netflix-clone-aa360 (Netflix-Clone)user/actions/secrets/public-key {"message":"Not Found","documentation_url":"https://docs.github.com/rest"}
[debug] [2023-02-09T12:24:12.338Z] >>> [apiv2][query] GET https://api.github.com/repos/user/actions/secrets/public-key type=owner
[debug] [2023-02-09T12:24:12.804Z] <<< [apiv2][status] GET https://api.github.com/repos/user/actions/secrets/public-key 404
[debug] [2023-02-09T12:24:12.805Z] <<< [apiv2][body] GET https://api.github.com/repos/user/actions/secrets/public-key {"message":"Not Found","documentation_url":"https://docs.github.com/rest"}
[debug] [2023-02-09T12:24:21.124Z] >>> [apiv2][query] GET https://api.github.com/repos/repository/actions/secrets/public-key type=owner
[debug] [2023-02-09T12:24:21.714Z] <<< [apiv2][status] GET https://api.github.com/repos/repository/actions/secrets/public-key 404
[debug] [2023-02-09T12:24:21.714Z] <<< [apiv2][body] GET https://api.github.com/repos/repository/actions/secrets/public-key {"message":"Not Found","documentation_url":"https://docs.github.com/rest"}
[debug] [2023-02-09T12:25:33.350Z] >>> [apiv2][query] GET https://api.github.com/repos/user /actions/secrets/public-key type=owner
[debug] [2023-02-09T12:25:33.699Z] >>> [apiv2][query] GET https://api.github.com/repos//actions/secrets/public-key type=owner
[debug] [2023-02-09T12:25:33.827Z] >>> [apiv2][query] GET https://api.github.com/repos//actions/secrets/public-key type=owner
[debug] [2023-02-09T12:25:34.106Z] <<< [apiv2][status] GET https://api.github.com/repos/user /actions/secrets/public-key 404
[debug] [2023-02-09T12:25:34.107Z] <<< [apiv2][body] GET https://api.github.com/repos/user /actions/secrets/public-key {"message":"Not Found","documentation_url":"https://docs.github.com/rest"}
[debug] [2023-02-09T12:25:34.168Z] <<< [apiv2][status] GET https://api.github.com/repos//actions/secrets/public-key 404
[debug] [2023-02-09T12:25:34.168Z] <<< [apiv2][body] GET https://api.github.com/repos//actions/secrets/public-key {"message":"Not Found","documentation_url":"https://docs.github.com/rest"}
[debug] [2023-02-09T12:25:34.407Z] <<< [apiv2][status] GET https://api.github.com/repos//actions/secrets/public-key 404
[debug] [2023-02-09T12:25:34.408Z] <<< [apiv2][body] GET https://api.github.com/repos//actions/secrets/public-key {"message":"Not Found","documentation_url":"https://docs.github.com/rest"}
[debug] [2023-02-09T12:25:36.798Z] >>> [apiv2][query] GET https://api.github.com/repos/y/actions/secrets/public-key type=owner
[debug] [2023-02-09T12:25:37.280Z] <<< [apiv2][status] GET https://api.github.com/repos/y/actions/secrets/public-key 404
[debug] [2023-02-09T12:25:37.280Z] <<< [apiv2][body] GET https://api.github.com/repos/y/actions/secrets/public-key {"message":"Not Found","documentation_url":"https://docs.github.com/rest"}
[debug] [2023-02-09T12:25:38.512Z] >>> [apiv2][query] GET https://api.github.com/repos//actions/secrets/public-key type=owner
[debug] [2023-02-09T12:25:39.120Z] <<< [apiv2][status] GET https://api.github.com/repos//actions/secrets/public-key 404
[debug] [2023-02-09T12:25:39.121Z] <<< [apiv2][body] GET https://api.github.com/repos//actions/secrets/public-key {"message":"Not Found","documentation_url":"https://docs.github.com/rest"}
[debug] [2023-02-09T12:26:21.587Z] >>> [apiv2][query] GET https://api.github.com/repos/github/actions/secrets/public-key type=owner
[debug] [2023-02-09T12:26:22.333Z] <<< [apiv2][status] GET https://api.github.com/repos/github/actions/secrets/public-key 404
[debug] [2023-02-09T12:26:22.333Z] <<< [apiv2][body] GET https://api.github.com/repos/github/actions/secrets/public-key {"message":"Not Found","documentation_url":"https://docs.github.com/rest"}
[debug] [2023-02-09T12:27:00.343Z] >>> [apiv2][query] GET https://api.github.com/repos/wajidkhan1022/actions/secrets/public-key type=owner
[debug] [2023-02-09T12:27:00.834Z] <<< [apiv2][status] GET https://api.github.com/repos/wajidkhan1022/actions/secrets/public-key 404
[debug] [2023-02-09T12:27:00.834Z] <<< [apiv2][body] GET https://api.github.com/repos/wajidkhan1022/actions/secrets/public-key {"message":"Not Found","documentation_url":"https://docs.github.com/rest"}
[debug] [2023-02-09T12:29:10.445Z] >>> [apiv2][query] GET https://api.github.com/repos/Wajid1022/actions/secrets/public-key type=owner
[debug] [2023-02-09T12:29:11.090Z] <<< [apiv2][status] GET https://api.github.com/repos/Wajid1022/actions/secrets/public-key 404
[debug] [2023-02-09T12:29:11.090Z] <<< [apiv2][body] GET https://api.github.com/repos/Wajid1022/actions/secrets/public-key {"message":"Not Found","documentation_url":"https://docs.github.com/rest"}
[debug] [2023-02-09T12:29:11.756Z] >>> [apiv2][query] GET https://api.github.com/repos/Wajid1022/actions/secrets/public-key type=owner
[debug] [2023-02-09T12:29:11.925Z] >>> [apiv2][query] GET https://api.github.com/repos//actions/secrets/public-key type=owner
[debug] [2023-02-09T12:29:12.080Z] >>> [apiv2][query] GET https://api.github.com/repos//actions/secrets/public-key type=owner
[debug] [2023-02-09T12:29:12.159Z] <<< [apiv2][status] GET https://api.github.com/repos/Wajid1022/actions/secrets/public-key 404
[debug] [2023-02-09T12:29:12.159Z] <<< [apiv2][body] GET https://api.github.com/repos/Wajid1022/actions/secrets/public-key {"message":"Not Found","documentation_url":"https://docs.github.com/rest"}
[debug] [2023-02-09T12:29:12.418Z] <<< [apiv2][status] GET https://api.github.com/repos//actions/secrets/public-key 404
[debug] [2023-02-09T12:29:12.419Z] <<< [apiv2][body] GET https://api.github.com/repos//actions/secrets/public-key {"message":"Not Found","documentation_url":"https://docs.github.com/rest"}
[debug] [2023-02-09T12:29:12.520Z] <<< [apiv2][status] GET https://api.github.com/repos//actions/secrets/public-key 404
[debug] [2023-02-09T12:29:12.520Z] <<< [apiv2][body] GET https://api.github.com/repos//actions/secrets/public-key {"message":"Not Found","documentation_url":"https://docs.github.com/rest"}
